NO LOG FILE! - setting up server logging...
[2019-07-27 13:40:52 INFO] Starting Server
[2019-07-27 13:40:52 INFO] Version 1.12.0.28
[2019-07-27 13:40:52 INFO] Session ID 2529e428-a941-4aad-9216-393de1968ba2
[2019-07-27 13:40:52 INFO] Level Name: BFTTS
[2019-07-27 13:40:52 INFO] Game mode: 0 Survival
[2019-07-27 13:40:52 INFO] Difficulty: 2 NORMAL
[2019-07-27 13:40:54 INFO] IPv4 supported, port: 19132
[2019-07-27 13:40:54 INFO] IPv6 not supported
[2019-07-27 13:40:54 INFO] IPv4 supported, port: 50120
[2019-07-27 13:40:54 INFO] IPv6 not supported
[2019-07-27 13:40:55 INFO] Server started.
NO LOG FILE! - setting up server logging...
[2019-07-27 13:52:09 INFO] Starting Server
[2019-07-27 13:52:09 INFO] Version 1.12.0.28
[2019-07-27 13:52:09 INFO] Session ID d4645e4b-aa8a-40a7-94e4-9046068921b5
[2019-07-27 13:52:09 INFO] Level Name: BFTTS
[2019-07-27 13:52:09 INFO] Game mode: 0 Survival
[2019-07-27 13:52:09 INFO] Difficulty: 2 NORMAL
[2019-07-27 13:52:11 INFO] IPv4 supported, port: 19132
[2019-07-27 13:52:11 INFO] IPv6 not supported
[2019-07-27 13:52:11 INFO] IPv4 supported, port: 43185
[2019-07-27 13:52:11 INFO] IPv6 not supported
[2019-07-27 13:52:13 INFO] Server started.
NO LOG FILE! - setting up server logging...
[2019-07-27 15:09:29 INFO] Starting Server
[2019-07-27 15:09:29 INFO] Version 1.12.0.28
[2019-07-27 15:09:29 INFO] Session ID 7b958c2e-8a30-4c70-9ac3-429f557f5545
[2019-07-27 15:09:29 INFO] Level Name: Trinity_Server
[2019-07-27 15:09:29 INFO] Game mode: 0 Survival
[2019-07-27 15:09:29 INFO] Difficulty: 2 NORMAL
[2019-07-27 15:09:31 INFO] IPv4 supported, port: 19132
[2019-07-27 15:09:31 INFO] IPv6 not supported
[2019-07-27 15:09:31 INFO] IPv4 supported, port: 60866
[2019-07-27 15:09:31 INFO] IPv6 not supported
[2019-07-27 15:09:33 INFO] Server started.
NO LOG FILE! - setting up server logging...
[2019-07-27 15:18:11 INFO] Starting Server
[2019-07-27 15:18:11 INFO] Version 1.12.0.28
[2019-07-27 15:18:11 INFO] Session ID 568ca736-c53f-4630-82d6-10fbc1bd030e
[2019-07-27 15:18:11 INFO] Level Name: Trinity_Server
[2019-07-27 15:18:11 INFO] Game mode: 0 Survival
[2019-07-27 15:18:11 INFO] Difficulty: 2 NORMAL
[2019-07-27 15:18:13 INFO] IPv4 supported, port: 19132
[2019-07-27 15:18:13 INFO] IPv6 not supported
[2019-07-27 15:18:13 INFO] IPv4 supported, port: 57775
[2019-07-27 15:18:13 INFO] IPv6 not supported
[2019-07-27 15:18:15 INFO] Server started.
[2019-07-27 16:05:08 INFO] Player connected: RoboLegoPlayer, xuid: 2535440106087466
[2019-07-27 16:05:18 INFO] Player connected: HanaElle2oo7, xuid: 2535432728175270
[2019-07-27 17:17:04 INFO] Player connected: Frostfall44, xuid: 2535409949048202
[2019-07-27 17:24:58 INFO] Player disconnected: RoboLegoPlayer, xuid: 2535440106087466
[2019-07-27 17:25:10 INFO] Player disconnected: HanaElle2oo7, xuid: 2535432728175270
[2019-07-27 17:25:31 INFO] Player disconnected: Frostfall44, xuid: 2535409949048202
[2019-07-27 19:15:27 INFO] Player connected: WingsOfShadowX, xuid: 2535457567608155
[2019-07-27 19:16:38 INFO] Player disconnected: WingsOfShadowX, xuid: 2535457567608155
[2019-07-27 20:53:58 INFO] Player connected: HanaElle2oo7, xuid: 2535432728175270
[2019-07-27 20:55:49 INFO] Player disconnected: HanaElle2oo7, xuid: 2535432728175270
[2019-07-27 21:03:32 INFO] Player connected: WingsOfShadowX, xuid: 2535457567608155
[2019-07-27 21:04:28 INFO] Player connected: HanaElle2oo7, xuid: 2535432728175270
[2019-07-27 21:09:45 INFO] Player disconnected: WingsOfShadowX, xuid: 2535457567608155
[2019-07-27 22:30:45 INFO] Player connected: UnshelledTea5, xuid: 2535414131250771
[2019-07-27 23:10:00 INFO] Player connected: RoboLegoPlayer, xuid: 2535440106087466
[2019-07-27 23:13:40 INFO] Player connected: WingsOfShadowX, xuid: 2535457567608155
[2019-07-27 23:31:05 INFO] Player disconnected: RoboLegoPlayer, xuid: 2535440106087466
[2019-07-27 23:31:35 INFO] Player disconnected: HanaElle2oo7, xuid: 2535432728175270
[2019-07-27 23:32:05 INFO] Player disconnected: UnshelledTea5, xuid: 2535414131250771
[2019-07-27 23:33:45 INFO] Player connected: HanaElle2oo7, xuid: 2535432728175270
[2019-07-27 23:33:50 INFO] Player disconnected: WingsOfShadowX, xuid: 2535457567608155
[2019-07-27 23:33:52 INFO] Player disconnected: HanaElle2oo7, xuid: 2535432728175270
NO LOG FILE! - setting up server logging...
[2019-07-27 23:36:51 INFO] Starting Server
[2019-07-27 23:36:51 INFO] Version 1.12.0.28
[2019-07-27 23:36:51 INFO] Session ID 9c8ba9f8-1c8e-413c-8bf2-95ff6d8add53
[2019-07-27 23:36:51 INFO] Level Name: Trinity_Server
[2019-07-27 23:36:51 INFO] Game mode: 0 Survival
[2019-07-27 23:36:51 INFO] Difficulty: 2 NORMAL
[2019-07-27 23:37:03 INFO] IPv4 supported, port: 19132
[2019-07-27 23:37:03 INFO] IPv6 not supported
[2019-07-27 23:37:03 INFO] IPv4 supported, port: 59330
[2019-07-27 23:37:03 INFO] IPv6 not supported
[2019-07-27 23:37:11 INFO] Server started.
[2019-07-27 23:37:23 INFO] Player connected: WingsOfShadowX, xuid: 2535457567608155
[2019-07-27 23:37:27 INFO] Player connected: HanaElle2oo7, xuid: 2535432728175270
[2019-07-27 23:38:02 INFO] Player connected: RoboLegoPlayer, xuid: 2535440106087466
[2019-07-27 23:38:07 INFO] Player disconnected: HanaElle2oo7, xuid: 2535432728175270
[2019-07-27 23:38:11 INFO] Player connected: HanaElle2oo7, xuid: 2535432728175270
[2019-07-27 23:38:45 INFO] Player disconnected: RoboLegoPlayer, xuid: 2535440106087466
[2019-07-27 23:38:52 INFO] Player connected: RoboLegoPlayer, xuid: 2535440106087466
[2019-07-27 23:38:53 INFO] Player disconnected: HanaElle2oo7, xuid: 2535432728175270
[2019-07-27 23:38:59 INFO] Player connected: HanaElle2oo7, xuid: 2535432728175270
[2019-07-27 23:39:48 INFO] Player disconnected: RoboLegoPlayer, xuid: 2535440106087466
[2019-07-27 23:39:52 INFO] Player disconnected: HanaElle2oo7, xuid: 2535432728175270
[2019-07-27 23:39:53 INFO] Player disconnected: WingsOfShadowX, xuid: 2535457567608155
[2019-07-27 23:40:28 INFO] Player connected: WingsOfShadowX, xuid: 2535457567608155
[2019-07-27 23:40:42 INFO] Player disconnected: WingsOfShadowX, xuid: 2535457567608155
[2019-07-27 23:41:11 INFO] Player connected: WingsOfShadowX, xuid: 2535457567608155
[2019-07-27 23:41:33 INFO] Player disconnected: WingsOfShadowX, xuid: 2535457567608155
[2019-07-28 00:07:44 INFO] Player connected: UnshelledTea5, xuid: 2535414131250771
[2019-07-28 00:19:20 INFO] Player disconnected: UnshelledTea5, xuid: 2535414131250771
[2019-07-28 00:19:36 INFO] Player connected: UnshelledTea5, xuid: 2535414131250771
[2019-07-28 00:20:43 INFO] Player connected: RoboLegoPlayer, xuid: 2535440106087466
[2019-07-28 00:21:17 INFO] Player connected: HanaElle2oo7, xuid: 2535432728175270
[2019-07-28 00:21:22 INFO] Player connected: WingsOfShadowX, xuid: 2535457567608155
[2019-07-28 00:21:58 INFO] Player disconnected: HanaElle2oo7, xuid: 2535432728175270
[2019-07-28 00:22:01 INFO] Player connected: HanaElle2oo7, xuid: 2535432728175270
[2019-07-28 00:22:38 INFO] Player disconnected: HanaElle2oo7, xuid: 2535432728175270
[2019-07-28 00:22:42 INFO] Player connected: HanaElle2oo7, xuid: 2535432728175270
[2019-07-28 00:23:37 INFO] Player disconnected: HanaElle2oo7, xuid: 2535432728175270
[2019-07-28 00:25:01 INFO] Player connected: HanaElle2oo7, xuid: 2535432728175270
[2019-07-28 00:25:10 INFO] Player disconnected: HanaElle2oo7, xuid: 2535432728175270
[2019-07-28 00:25:42 INFO] Player connected: HanaElle2oo7, xuid: 2535432728175270
[2019-07-28 00:26:38 INFO] Player disconnected: HanaElle2oo7, xuid: 2535432728175270
[2019-07-28 00:26:50 INFO] Player connected: HanaElle2oo7, xuid: 2535432728175270
[2019-07-28 00:26:51 INFO] Player disconnected: RoboLegoPlayer, xuid: 2535440106087466
[2019-07-28 00:27:02 INFO] Player disconnected: WingsOfShadowX, xuid: 2535457567608155
[2019-07-28 00:31:01 INFO] Player disconnected: UnshelledTea5, xuid: 2535414131250771
[2019-07-28 01:41:27 INFO] Player connected: WingsOfShadowX, xuid: 2535457567608155
[2019-07-28 01:47:22 INFO] Player connected: HanaElle2oo7, xuid: 2535432728175270
[2019-07-28 01:54:12 INFO] Player connected: UnshelledTea5, xuid: 2535414131250771
[2019-07-28 01:57:59 INFO] Player disconnected: HanaElle2oo7, xuid: 2535432728175270
[2019-07-28 01:58:03 INFO] Player connected: HanaElle2oo7, xuid: 2535432728175270
[2019-07-28 01:58:05 INFO] Player disconnected: WingsOfShadowX, xuid: 2535457567608155
[2019-07-28 01:58:21 INFO] Player connected: WingsOfShadowX, xuid: 2535457567608155
[2019-07-28 01:58:46 INFO] Player disconnected: HanaElle2oo7, xuid: 2535432728175270
[2019-07-28 01:58:56 INFO] Player connected: HanaElle2oo7, xuid: 2535432728175270
[2019-07-28 02:00:05 INFO] Player disconnected: WingsOfShadowX, xuid: 2535457567608155
[2019-07-28 02:00:06 INFO] Player disconnected: UnshelledTea5, xuid: 2535414131250771
[2019-07-28 02:01:03 INFO] Player connected: WingsOfShadowX, xuid: 2535457567608155
[2019-07-28 02:02:52 INFO] Player disconnected: WingsOfShadowX, xuid: 2535457567608155
[2019-07-28 02:07:14 INFO] Player disconnected: HanaElle2oo7, xuid: 2535432728175270
[2019-07-28 02:08:44 INFO] Player connected: HanaElle2oo7, xuid: 2535432728175270
[2019-07-28 02:09:51 INFO] Player disconnected: HanaElle2oo7, xuid: 2535432728175270
[2019-07-28 02:23:57 INFO] Player connected: Darkpiggylord33, xuid: 2535408275028948
[2019-07-28 02:49:15 INFO] Player connected: GoldSammiGirl, xuid: 2535466857644161
[2019-07-28 02:49:42 INFO] Player disconnected: GoldSammiGirl, xuid: 2535466857644161
[2019-07-28 02:50:13 INFO] Player connected: GoldSammiGirl, xuid: 2535466857644161
[2019-07-28 02:51:24 INFO] Player disconnected: GoldSammiGirl, xuid: 2535466857644161
[2019-07-28 02:51:29 INFO] Player connected: GoldSammiGirl, xuid: 2535466857644161
[2019-07-28 02:58:44 INFO] Player disconnected: GoldSammiGirl, xuid: 2535466857644161
[2019-07-28 03:05:10 INFO] Player connected: EnderCreeper797, xuid: 2535444923152613
[2019-07-28 03:05:48 INFO] Player disconnected: EnderCreeper797, xuid: 2535444923152613
[2019-07-28 03:06:20 INFO] Player connected: EnderCreeper797, xuid: 2535444923152613
[2019-07-28 03:10:01 INFO] Player disconnected: Darkpiggylord33, xuid: 2535408275028948
[2019-07-28 03:40:43 INFO] Player disconnected: EnderCreeper797, xuid: 2535444923152613
NO LOG FILE! - setting up server logging...
[2019-07-28 05:33:12 INFO] Starting Server
[2019-07-28 05:33:12 INFO] Version 1.12.0.28
[2019-07-28 05:33:12 INFO] Session ID e2518a86-0af1-47e7-91ee-f34a7673034e
[2019-07-28 05:33:12 INFO] Level Name: Trinity_Server
[2019-07-28 05:33:12 INFO] Game mode: 0 Survival
[2019-07-28 05:33:12 INFO] Difficulty: 2 NORMAL
[2019-07-28 05:33:15 INFO] IPv4 supported, port: 19132
[2019-07-28 05:33:15 INFO] IPv6 not supported
[2019-07-28 05:33:15 INFO] IPv4 supported, port: 39338
[2019-07-28 05:33:15 INFO] IPv6 not supported
[2019-07-28 05:33:17 INFO] Server started.
NO LOG FILE! - setting up server logging...
[2019-07-28 05:38:22 INFO] Starting Server
[2019-07-28 05:38:22 INFO] Version 1.12.0.28
[2019-07-28 05:38:22 INFO] Session ID 1e4f15c8-924c-4acf-aa73-00860628f491
[2019-07-28 05:38:22 INFO] Level Name: BFTTS
[2019-07-28 05:38:22 INFO] Game mode: 0 Survival
[2019-07-28 05:38:22 INFO] Difficulty: 2 NORMAL
[2019-07-28 05:38:25 INFO] IPv4 supported, port: 19132
[2019-07-28 05:38:25 INFO] IPv6 not supported
[2019-07-28 05:38:25 INFO] IPv4 supported, port: 35747
[2019-07-28 05:38:25 INFO] IPv6 not supported
[2019-07-28 05:38:26 INFO] Server started.
[2019-07-28 05:38:43 INFO] Player connected: GoldSammiGirl, xuid: 2535466857644161
NO LOG FILE! - setting up server logging...
[2019-07-28 05:39:17 INFO] Starting Server
[2019-07-28 05:39:17 INFO] Version 1.12.0.28
[2019-07-28 05:39:17 INFO] Session ID cbb888be-6936-41f3-8756-f21cc831417c
[2019-07-28 05:39:17 INFO] Level Name: Trinity_Server
[2019-07-28 05:39:17 INFO] Game mode: 0 Survival
[2019-07-28 05:39:17 INFO] Difficulty: 2 NORMAL
[2019-07-28 05:39:19 INFO] IPv4 supported, port: 19132
[2019-07-28 05:39:19 INFO] IPv6 not supported
[2019-07-28 05:39:19 INFO] IPv4 supported, port: 33859
[2019-07-28 05:39:19 INFO] IPv6 not supported
[2019-07-28 05:39:21 INFO] Server started.
NO LOG FILE! - setting up server logging...
[2019-07-28 13:25:22 INFO] Starting Server
[2019-07-28 13:25:22 INFO] Version 1.12.0.28
[2019-07-28 13:25:22 INFO] Session ID 4d946bd9-ce70-4f64-bb9b-ff8008159d21
[2019-07-28 13:25:22 INFO] Level Name: BFTTS
[2019-07-28 13:25:22 INFO] Game mode: 0 Survival
[2019-07-28 13:25:22 INFO] Difficulty: 2 NORMAL
[2019-07-28 13:25:25 INFO] IPv4 supported, port: 19132
[2019-07-28 13:25:25 INFO] IPv6 not supported
[2019-07-28 13:25:25 INFO] IPv4 supported, port: 54212
[2019-07-28 13:25:25 INFO] IPv6 not supported
[2019-07-28 13:25:26 INFO] Server started.
NO LOG FILE! - setting up server logging...
[2019-07-28 13:26:27 INFO] Starting Server
[2019-07-28 13:26:27 INFO] Version 1.12.0.28
[2019-07-28 13:26:27 INFO] Session ID 2e78178e-e6af-4c56-992a-4ab5daeaf3da
[2019-07-28 13:26:27 INFO] Level Name: Trinity_Server
[2019-07-28 13:26:27 INFO] Game mode: 0 Survival
[2019-07-28 13:26:27 INFO] Difficulty: 2 NORMAL
[2019-07-28 13:26:29 INFO] IPv4 supported, port: 19132
[2019-07-28 13:26:29 INFO] IPv6 not supported
[2019-07-28 13:26:29 INFO] IPv4 supported, port: 36144
[2019-07-28 13:26:29 INFO] IPv6 not supported
[2019-07-28 13:26:31 INFO] Server started.
NO LOG FILE! - setting up server logging...
[2019-07-28 13:41:20 INFO] Starting Server
[2019-07-28 13:41:20 INFO] Version 1.12.0.28
[2019-07-28 13:41:20 INFO] Session ID e22faf1f-5de5-4cab-a52d-f0f8c5dd530f
[2019-07-28 13:41:20 INFO] Level Name: Trinity_Server
[2019-07-28 13:41:20 INFO] Game mode: 0 Survival
[2019-07-28 13:41:20 INFO] Difficulty: 2 NORMAL
[2019-07-28 13:41:23 INFO] IPv4 supported, port: 19132
[2019-07-28 13:41:23 INFO] IPv6 not supported
[2019-07-28 13:41:23 INFO] IPv4 supported, port: 45708
[2019-07-28 13:41:23 INFO] IPv6 not supported
[2019-07-28 13:41:24 INFO] Server started.
NO LOG FILE! - setting up server logging...
[2019-07-28 14:04:56 INFO] Starting Server
[2019-07-28 14:04:56 INFO] Version 1.12.0.28
[2019-07-28 14:04:56 INFO] Session ID f57cb183-dff0-4598-9cda-0ac63f13344e
[2019-07-28 14:04:56 INFO] Level Name: Trinity_Server
[2019-07-28 14:04:56 INFO] Game mode: 0 Survival
[2019-07-28 14:04:56 INFO] Difficulty: 2 NORMAL
[2019-07-28 14:04:59 INFO] IPv4 supported, port: 19132
[2019-07-28 14:04:59 INFO] IPv6 not supported
[2019-07-28 14:04:59 INFO] IPv4 supported, port: 52559
[2019-07-28 14:04:59 INFO] IPv6 not supported
[2019-07-28 14:05:00 INFO] Server started.
NO LOG FILE! - setting up server logging...
[2019-07-28 14:10:59 INFO] Starting Server
[2019-07-28 14:10:59 INFO] Version 1.12.0.28
[2019-07-28 14:10:59 INFO] Session ID fa02345a-4ed5-44cb-a506-b417ee632010
[2019-07-28 14:10:59 INFO] Level Name: Trinity_Server
[2019-07-28 14:10:59 INFO] Game mode: 0 Survival
[2019-07-28 14:10:59 INFO] Difficulty: 2 NORMAL
[2019-07-28 14:11:02 INFO] IPv4 supported, port: 19132
[2019-07-28 14:11:02 INFO] IPv6 not supported
[2019-07-28 14:11:02 INFO] IPv4 supported, port: 43980
[2019-07-28 14:11:02 INFO] IPv6 not supported
[2019-07-28 14:11:04 INFO] Server started.
NO LOG FILE! - setting up server logging...
[2019-07-28 14:18:47 INFO] Starting Server
[2019-07-28 14:18:47 INFO] Version 1.12.0.28
[2019-07-28 14:18:47 INFO] Session ID 06b4b301-e862-4e7f-b169-366d46912283
[2019-07-28 14:18:47 INFO] Level Name: Trinity_Server
[2019-07-28 14:18:47 INFO] Game mode: 0 Survival
[2019-07-28 14:18:47 INFO] Difficulty: 2 NORMAL
[2019-07-28 14:18:50 INFO] IPv4 supported, port: 19132
[2019-07-28 14:18:50 INFO] IPv6 not supported
[2019-07-28 14:18:50 INFO] IPv4 supported, port: 60999
[2019-07-28 14:18:50 INFO] IPv6 not supported
[2019-07-28 14:18:51 INFO] Server started.
[2019-07-28 15:36:43 INFO] Player connected: HanaElle2oo7, xuid: 2535432728175270
[2019-07-28 15:38:12 INFO] Player connected: RoboLegoPlayer, xuid: 2535440106087466
[2019-07-28 15:40:38 INFO] Player connected: Darkpiggylord33, xuid: 2535408275028948
[2019-07-28 16:21:53 INFO] Player connected: Frostfall44, xuid: 2535409949048202
[2019-07-28 16:48:06 INFO] Player disconnected: RoboLegoPlayer, xuid: 2535440106087466
[2019-07-28 16:48:21 INFO] Player connected: RoboLegoPlayer, xuid: 2535440106087466
[2019-07-28 16:55:40 INFO] Player connected: WingsOfShadowX, xuid: 2535457567608155
[2019-07-28 16:58:07 INFO] Player disconnected: WingsOfShadowX, xuid: 2535457567608155
[2019-07-28 16:58:14 INFO] Player connected: WingsOfShadowX, xuid: 2535457567608155
[2019-07-28 17:10:36 INFO] Player disconnected: Frostfall44, xuid: 2535409949048202
NO LOG FILE! - setting up server logging...
[2019-07-28 17:24:35 INFO] Starting Server
[2019-07-28 17:24:35 INFO] Version 1.12.0.28
[2019-07-28 17:24:35 INFO] Session ID 38370272-08df-4a55-adcc-f745d3478b4c
[2019-07-28 17:24:35 INFO] Level Name: Trinity_Server
[2019-07-28 17:24:35 INFO] Game mode: 0 Survival
[2019-07-28 17:24:35 INFO] Difficulty: 2 NORMAL
[2019-07-28 17:24:39 INFO] IPv4 supported, port: 19132
[2019-07-28 17:24:39 INFO] IPv6 not supported
[2019-07-28 17:24:39 INFO] IPv4 supported, port: 56409
[2019-07-28 17:24:39 INFO] IPv6 not supported
[2019-07-28 17:24:40 INFO] Server started.
[2019-07-28 17:24:45 INFO] Player connected: RoboLegoPlayer, xuid: 2535440106087466
[2019-07-28 17:25:21 INFO] Player connected: WingsOfShadowX, xuid: 2535457567608155
[2019-07-28 17:25:50 INFO] Player connected: HanaElle2oo7, xuid: 2535432728175270
[2019-07-28 17:26:14 INFO] Player disconnected: WingsOfShadowX, xuid: 2535457567608155
[2019-07-28 17:26:22 INFO] Player connected: WingsOfShadowX, xuid: 2535457567608155
[2019-07-28 17:27:07 INFO] Player disconnected: HanaElle2oo7, xuid: 2535432728175270
[2019-07-28 17:27:10 INFO] Player disconnected: WingsOfShadowX, xuid: 2535457567608155
[2019-07-28 17:27:20 INFO] Player disconnected: RoboLegoPlayer, xuid: 2535440106087466
[2019-07-28 18:25:28 INFO] Player connected: UnshelledTea5, xuid: 2535414131250771
[2019-07-28 18:26:00 INFO] Player disconnected: UnshelledTea5, xuid: 2535414131250771
[2019-07-28 18:55:01 INFO] Player connected: WingsOfShadowX, xuid: 2535457567608155
[2019-07-28 18:55:07 INFO] Player connected: RoboLegoPlayer, xuid: 2535440106087466
[2019-07-28 18:59:01 INFO] Player disconnected: WingsOfShadowX, xuid: 2535457567608155
[2019-07-28 19:00:35 INFO] Player connected: UnshelledTea5, xuid: 2535414131250771
[2019-07-28 19:04:42 INFO] Player disconnected: UnshelledTea5, xuid: 2535414131250771
[2019-07-28 19:04:48 INFO] Player connected: UnshelledTea5, xuid: 2535414131250771
[2019-07-28 19:07:56 INFO] Player disconnected: RoboLegoPlayer, xuid: 2535440106087466
[2019-07-28 19:10:22 INFO] Player disconnected: UnshelledTea5, xuid: 2535414131250771
[2019-07-28 19:15:21 INFO] Player connected: UnshelledTea5, xuid: 2535414131250771
[2019-07-28 19:15:22 INFO] Player disconnected: UnshelledTea5, xuid: 2535414131250771
[2019-07-28 19:15:24 INFO] Player connected: UnshelledTea5, xuid: 2535414131250771
[2019-07-28 19:17:22 INFO] Player disconnected: UnshelledTea5, xuid: 2535414131250771
[2019-07-28 19:17:27 INFO] Player connected: UnshelledTea5, xuid: 2535414131250771
[2019-07-28 19:17:38 INFO] Player disconnected: UnshelledTea5, xuid: 2535414131250771
[2019-07-28 21:21:32 INFO] Player connected: UnshelledTea5, xuid: 2535414131250771
[2019-07-28 22:55:10 INFO] Player disconnected: UnshelledTea5, xuid: 2535414131250771
[2019-07-29 00:42:45 INFO] Player connected: UnshelledTea5, xuid: 2535414131250771
[2019-07-29 00:55:01 INFO] Player disconnected: UnshelledTea5, xuid: 2535414131250771
NO LOG FILE! - setting up server logging...
[2019-07-29 14:42:02 INFO] Starting Server
[2019-07-29 14:42:02 INFO] Version 1.12.0.28
[2019-07-29 14:42:02 INFO] Session ID 7c8ae4e0-d09b-4cec-835f-c06f1319c767
[2019-07-29 14:42:02 INFO] Level Name: Trinity_Server
[2019-07-29 14:42:02 INFO] Game mode: 0 Survival
[2019-07-29 14:42:02 INFO] Difficulty: 2 NORMAL
[2019-07-29 14:42:06 INFO] IPv4 supported, port: 19132
[2019-07-29 14:42:06 INFO] IPv6 not supported
[2019-07-29 14:42:06 INFO] IPv4 supported, port: 53768
[2019-07-29 14:42:06 INFO] IPv6 not supported
[2019-07-29 14:42:09 INFO] Server started.
[2019-07-29 16:52:07 INFO] Player connected: Frostfall44, xuid: 2535409949048202
[2019-07-29 16:52:34 INFO] Player connected: RoboLegoPlayer, xuid: 2535440106087466
[2019-07-29 16:53:17 INFO] Player disconnected: RoboLegoPlayer, xuid: 2535440106087466
[2019-07-29 16:53:28 INFO] Player connected: RoboLegoPlayer, xuid: 2535440106087466
[2019-07-29 18:34:29 INFO] Player disconnected: Frostfall44, xuid: 2535409949048202
[2019-07-29 19:09:08 INFO] Player disconnected: RoboLegoPlayer, xuid: 2535440106087466
[2019-07-29 21:09:35 INFO] Player connected: RoboLegoPlayer, xuid: 2535440106087466
[2019-07-29 22:19:13 INFO] Player connected: HanaElle2oo7, xuid: 2535432728175270
[2019-07-29 22:43:48 INFO] Player disconnected: HanaElle2oo7, xuid: 2535432728175270
[2019-07-29 22:43:53 INFO] Player connected: HanaElle2oo7, xuid: 2535432728175270
[2019-07-29 23:08:31 INFO] Player disconnected: RoboLegoPlayer, xuid: 2535440106087466
[2019-07-29 23:09:00 INFO] Player connected: RoboLegoPlayer, xuid: 2535440106087466
[2019-07-29 23:09:34 INFO] Player disconnected: RoboLegoPlayer, xuid: 2535440106087466
[2019-07-29 23:10:34 INFO] Player connected: RoboLegoPlayer, xuid: 2535440106087466
[2019-07-29 23:11:28 INFO] Player disconnected: RoboLegoPlayer, xuid: 2535440106087466
[2019-07-29 23:12:56 INFO] Player connected: RoboLegoPlayer, xuid: 2535440106087466
[2019-07-30 00:44:33 INFO] Player disconnected: RoboLegoPlayer, xuid: 2535440106087466
[2019-07-30 00:44:44 INFO] Player disconnected: HanaElle2oo7, xuid: 2535432728175270
[2019-07-30 01:47:45 INFO] Player connected: Darkpiggylord33, xuid: 2535408275028948
[2019-07-30 01:59:49 INFO] Player disconnected: Darkpiggylord33, xuid: 2535408275028948
[2019-07-30 02:12:14 INFO] Player connected: SWAGLEGEND999, xuid: 2535445818793150
[2019-07-30 02:27:30 INFO] Player disconnected: SWAGLEGEND999, xuid: 2535445818793150
NO LOG FILE! - setting up server logging...
[2019-07-30 05:04:17 INFO] Starting Server
[2019-07-30 05:04:17 INFO] Version 1.12.0.28
[2019-07-30 05:04:17 INFO] Session ID 74d2b0d5-a153-46ff-b0d3-0b8758732b81
[2019-07-30 05:04:17 INFO] Level Name: Trinity_Server
[2019-07-30 05:04:17 INFO] Game mode: 0 Survival
[2019-07-30 05:04:17 INFO] Difficulty: 2 NORMAL
[2019-07-30 05:04:20 INFO] IPv4 supported, port: 19132
[2019-07-30 05:04:20 INFO] IPv6 not supported
[2019-07-30 05:04:20 INFO] IPv4 supported, port: 52431
[2019-07-30 05:04:20 INFO] IPv6 not supported
[2019-07-30 05:04:22 INFO] Server started.
